{"/home/marshall/dev/gear-loaner/backend/src/schemas.js": {"path":"/home/marshall/dev/gear-loaner/backend/src/schemas.js","statementMap":{"0":{"start":{"line":5,"column":17},"end":{"line":5,"column":44}},"1":{"start":{"line":6,"column":18},"end":{"line":6,"column":47}},"2":{"start":{"line":7,"column":19},"end":{"line":7,"column":74}},"3":{"start":{"line":8,"column":19},"end":{"line":8,"column":49}},"4":{"start":{"line":9,"column":13},"end":{"line":9,"column":40}},"5":{"start":{"line":13,"column":32},"end":{"line":22,"column":10}},"6":{"start":{"line":24,"column":32},"end":{"line":34,"column":10}},"7":{"start":{"line":36,"column":32},"end":{"line":43,"column":10}},"8":{"start":{"line":47,"column":30},"end":{"line":55,"column":10}},"9":{"start":{"line":57,"column":32},"end":{"line":64,"column":10}},"10":{"start":{"line":66,"column":34},"end":{"line":76,"column":10}},"11":{"start":{"line":72,"column":21},"end":{"line":72,"column":50}},"12":{"start":{"line":80,"column":32},"end":{"line":86,"column":10}},"13":{"start":{"line":88,"column":37},"end":{"line":92,"column":10}},"14":{"start":{"line":97,"column":25},"end":{"line":100,"column":1}},"15":{"start":{"line":102,"column":35},"end":{"line":109,"column":10}},"16":{"start":{"line":111,"column":36},"end":{"line":118,"column":10}},"17":{"start":{"line":120,"column":36},"end":{"line":127,"column":10}},"18":{"start":{"line":129,"column":35},"end":{"line":136,"column":10}}},"fnMap":{"0":{"name":"(anonymous_0)","decl":{"start":{"line":72,"column":14},"end":{"line":72,"column":15}},"loc":{"start":{"line":72,"column":21},"end":{"line":72,"column":50}},"line":72}},"branchMap":{},"s":{"0":1,"1":1,"2":1,"3":1,"4":1,"5":1,"6":1,"7":1,"8":1,"9":1,"10":1,"11":2,"12":1,"13":1,"14":1,"15":1,"16":1,"17":1,"18":1},"f":{"0":2},"b":{},"meta":{"lastBranch":0,"lastFunction":1,"lastStatement":19,"seen":{"s:5:17:5:44":0,"s:6:18:6:47":1,"s:7:19:7:74":2,"s:8:19:8:49":3,"s:9:13:9:40":4,"s:13:32:22:10":5,"s:24:32:34:10":6,"s:36:32:43:10":7,"s:47:30:55:10":8,"s:57:32:64:10":9,"s:66:34:76:10":10,"f:72:14:72:15":0,"s:72:21:72:50":11,"s:80:32:86:10":12,"s:88:37:92:10":13,"s:97:25:100:1":14,"s:102:35:109:10":15,"s:111:36:118:10":16,"s:120:36:127:10":17,"s:129:35:136:10":18}}}
,"/home/marshall/dev/gear-loaner/backend/src/config/logger.js": {"path":"/home/marshall/dev/gear-loaner/backend/src/config/logger.js","statementMap":{"0":{"start":{"line":3,"column":6},"end":{"line":13,"column":2}},"1":{"start":{"line":9,"column":8},"end":{"line":9,"column":null}}},"fnMap":{"0":{"name":"(anonymous_0)","decl":{"start":{"line":8,"column":6},"end":{"line":8,"column":12}},"loc":{"start":{"line":8,"column":19},"end":{"line":9,"column":null}},"line":8}},"branchMap":{"0":{"loc":{"start":{"line":4,"column":9},"end":{"line":4,"column":null}},"type":"binary-expr","locations":[{"start":{"line":4,"column":9},"end":{"line":4,"column":60}},{"start":{"line":4,"column":21},"end":{"line":4,"column":null}}],"line":4},"1":{"loc":{"start":{"line":4,"column":21},"end":{"line":4,"column":null}},"type":"cond-expr","locations":[{"start":{"line":4,"column":75},"end":{"line":4,"column":84}},{"start":{"line":4,"column":84},"end":{"line":4,"column":null}}],"line":4},"2":{"loc":{"start":{"line":5,"column":2},"end":{"line":9,"column":null}},"type":"binary-expr","locations":[{"start":{"line":5,"column":2},"end":{"line":5,"column":47}},{"start":{"line":5,"column":47},"end":{"line":9,"column":null}}],"line":5}},"s":{"0":1,"1":6},"f":{"0":6},"b":{"0":[1,1],"1":[0,1],"2":[1,1]},"meta":{"lastBranch":3,"lastFunction":1,"lastStatement":2,"seen":{"s:3:6:13:2":0,"b:4:9:4:60:4:21:4:Infinity":0,"b:4:75:4:84:4:84:4:Infinity":1,"b:5:2:5:47:5:47:9:Infinity":2,"f:8:6:8:12":0,"s:9:8:9:Infinity":1}}}
,"/home/marshall/dev/gear-loaner/backend/src/config/prisma.js": {"path":"/home/marshall/dev/gear-loaner/backend/src/config/prisma.js","statementMap":{"0":{"start":{"line":3,"column":15},"end":{"line":3,"column":33}}},"fnMap":{},"branchMap":{},"s":{"0":1},"f":{},"b":{},"meta":{"lastBranch":0,"lastFunction":0,"lastStatement":1,"seen":{"s:3:15:3:33":0}}}
,"/home/marshall/dev/gear-loaner/backend/src/middleware/errorHandler.js": {"path":"/home/marshall/dev/gear-loaner/backend/src/middleware/errorHandler.js","statementMap":{"0":{"start":{"line":4,"column":2},"end":{"line":4,"column":null}},"1":{"start":{"line":6,"column":2},"end":{"line":7,"column":null}},"2":{"start":{"line":7,"column":4},"end":{"line":7,"column":null}},"3":{"start":{"line":10,"column":2},"end":{"line":11,"column":null}},"4":{"start":{"line":11,"column":4},"end":{"line":11,"column":null}},"5":{"start":{"line":14,"column":8},"end":{"line":14,"column":null}},"6":{"start":{"line":15,"column":2},"end":{"line":17,"column":null}}},"fnMap":{"0":{"name":"errorHandler","decl":{"start":{"line":3,"column":16},"end":{"line":3,"column":29}},"loc":{"start":{"line":3,"column":51},"end":{"line":17,"column":null}},"line":3}},"branchMap":{"0":{"loc":{"start":{"line":6,"column":2},"end":{"line":7,"column":null}},"type":"if","locations":[{"start":{"line":6,"column":2},"end":{"line":7,"column":null}},{"start":{},"end":{}}],"line":6},"1":{"loc":{"start":{"line":10,"column":2},"end":{"line":11,"column":null}},"type":"if","locations":[{"start":{"line":10,"column":2},"end":{"line":11,"column":null}},{"start":{},"end":{}}],"line":10},"2":{"loc":{"start":{"line":15,"column":13},"end":{"line":15,"column":31}},"type":"binary-expr","locations":[{"start":{"line":15,"column":13},"end":{"line":15,"column":27}},{"start":{"line":15,"column":27},"end":{"line":15,"column":31}}],"line":15},"3":{"loc":{"start":{"line":16,"column":11},"end":{"line":16,"column":null}},"type":"cond-expr","locations":[{"start":{"line":16,"column":20},"end":{"line":16,"column":46}},{"start":{"line":16,"column":46},"end":{"line":16,"column":null}}],"line":16},"4":{"loc":{"start":{"line":16,"column":46},"end":{"line":16,"column":null}},"type":"binary-expr","locations":[{"start":{"line":16,"column":46},"end":{"line":16,"column":61}},{"start":{"line":16,"column":61},"end":{"line":16,"column":null}}],"line":16}},"s":{"0":4,"1":4,"2":1,"3":3,"4":1,"5":2,"6":2},"f":{"0":4},"b":{"0":[1,3],"1":[1,2],"2":[2,1],"3":[0,2],"4":[2,0]},"meta":{"lastBranch":5,"lastFunction":1,"lastStatement":7,"seen":{"f:3:16:3:29":0,"s:4:2:4:Infinity":0,"b:6:2:7:Infinity:undefined:undefined:undefined:undefined":0,"s:6:2:7:Infinity":1,"s:7:4:7:Infinity":2,"b:10:2:11:Infinity:undefined:undefined:undefined:undefined":1,"s:10:2:11:Infinity":3,"s:11:4:11:Infinity":4,"s:14:8:14:Infinity":5,"s:15:2:17:Infinity":6,"b:15:13:15:27:15:27:15:31":2,"b:16:20:16:46:16:46:16:Infinity":3,"b:16:46:16:61:16:61:16:Infinity":4}}}
,"/home/marshall/dev/gear-loaner/backend/src/middleware/roles.js": {"path":"/home/marshall/dev/gear-loaner/backend/src/middleware/roles.js","statementMap":{"0":{"start":{"line":6,"column":2},"end":{"line":16,"column":null}},"1":{"start":{"line":7,"column":4},"end":{"line":9,"column":null}},"2":{"start":{"line":8,"column":6},"end":{"line":8,"column":null}},"3":{"start":{"line":11,"column":4},"end":{"line":13,"column":null}},"4":{"start":{"line":12,"column":6},"end":{"line":12,"column":null}},"5":{"start":{"line":15,"column":4},"end":{"line":15,"column":null}}},"fnMap":{"0":{"name":"requireRole","decl":{"start":{"line":5,"column":16},"end":{"line":5,"column":27}},"loc":{"start":{"line":5,"column":38},"end":{"line":17,"column":null}},"line":5},"1":{"name":"(anonymous_1)","decl":{"start":{"line":6,"column":9},"end":{"line":6,"column":10}},"loc":{"start":{"line":6,"column":29},"end":{"line":16,"column":3}},"line":6}},"branchMap":{"0":{"loc":{"start":{"line":7,"column":4},"end":{"line":9,"column":null}},"type":"if","locations":[{"start":{"line":7,"column":4},"end":{"line":9,"column":null}},{"start":{},"end":{}}],"line":7},"1":{"loc":{"start":{"line":11,"column":4},"end":{"line":13,"column":null}},"type":"if","locations":[{"start":{"line":11,"column":4},"end":{"line":13,"column":null}},{"start":{},"end":{}}],"line":11}},"s":{"0":4,"1":4,"2":1,"3":3,"4":1,"5":2},"f":{"0":4,"1":4},"b":{"0":[1,3],"1":[1,2]},"meta":{"lastBranch":2,"lastFunction":2,"lastStatement":6,"seen":{"f:5:16:5:27":0,"s:6:2:16:Infinity":0,"f:6:9:6:10":1,"b:7:4:9:Infinity:undefined:undefined:undefined:undefined":0,"s:7:4:9:Infinity":1,"s:8:6:8:Infinity":2,"b:11:4:13:Infinity:undefined:undefined:undefined:undefined":1,"s:11:4:13:Infinity":3,"s:12:6:12:Infinity":4,"s:15:4:15:Infinity":5}}}
,"/home/marshall/dev/gear-loaner/backend/src/middleware/validate.js": {"path":"/home/marshall/dev/gear-loaner/backend/src/middleware/validate.js","statementMap":{"0":{"start":{"line":6,"column":2},"end":{"line":17,"column":null}},"1":{"start":{"line":7,"column":19},"end":{"line":7,"column":45}},"2":{"start":{"line":8,"column":4},"end":{"line":14,"column":null}},"3":{"start":{"line":9,"column":22},"end":{"line":12,"column":9}},"4":{"start":{"line":9,"column":54},"end":{"line":12,"column":7}},"5":{"start":{"line":13,"column":6},"end":{"line":13,"column":null}},"6":{"start":{"line":15,"column":4},"end":{"line":15,"column":null}},"7":{"start":{"line":16,"column":4},"end":{"line":16,"column":null}},"8":{"start":{"line":25,"column":2},"end":{"line":36,"column":null}},"9":{"start":{"line":26,"column":19},"end":{"line":26,"column":46}},"10":{"start":{"line":27,"column":4},"end":{"line":33,"column":null}},"11":{"start":{"line":28,"column":22},"end":{"line":31,"column":9}},"12":{"start":{"line":28,"column":54},"end":{"line":31,"column":7}},"13":{"start":{"line":32,"column":6},"end":{"line":32,"column":null}},"14":{"start":{"line":34,"column":4},"end":{"line":34,"column":null}},"15":{"start":{"line":35,"column":4},"end":{"line":35,"column":null}}},"fnMap":{"0":{"name":"validate","decl":{"start":{"line":5,"column":16},"end":{"line":5,"column":24}},"loc":{"start":{"line":5,"column":33},"end":{"line":18,"column":null}},"line":5},"1":{"name":"(anonymous_1)","decl":{"start":{"line":6,"column":9},"end":{"line":6,"column":10}},"loc":{"start":{"line":6,"column":29},"end":{"line":17,"column":3}},"line":6},"2":{"name":"(anonymous_2)","decl":{"start":{"line":9,"column":46},"end":{"line":9,"column":47}},"loc":{"start":{"line":9,"column":54},"end":{"line":12,"column":7}},"line":9},"3":{"name":"validateQuery","decl":{"start":{"line":24,"column":16},"end":{"line":24,"column":29}},"loc":{"start":{"line":24,"column":38},"end":{"line":37,"column":null}},"line":24},"4":{"name":"(anonymous_4)","decl":{"start":{"line":25,"column":9},"end":{"line":25,"column":10}},"loc":{"start":{"line":25,"column":29},"end":{"line":36,"column":3}},"line":25},"5":{"name":"(anonymous_5)","decl":{"start":{"line":28,"column":46},"end":{"line":28,"column":47}},"loc":{"start":{"line":28,"column":54},"end":{"line":31,"column":7}},"line":28}},"branchMap":{"0":{"loc":{"start":{"line":8,"column":4},"end":{"line":14,"column":null}},"type":"if","locations":[{"start":{"line":8,"column":4},"end":{"line":14,"column":null}},{"start":{},"end":{}}],"line":8},"1":{"loc":{"start":{"line":27,"column":4},"end":{"line":33,"column":null}},"type":"if","locations":[{"start":{"line":27,"column":4},"end":{"line":33,"column":null}},{"start":{},"end":{}}],"line":27}},"s":{"0":3,"1":3,"2":3,"3":1,"4":1,"5":1,"6":2,"7":2,"8":2,"9":2,"10":2,"11":1,"12":1,"13":1,"14":1,"15":1},"f":{"0":3,"1":3,"2":1,"3":2,"4":2,"5":1},"b":{"0":[1,2],"1":[1,1]},"meta":{"lastBranch":2,"lastFunction":6,"lastStatement":16,"seen":{"f:5:16:5:24":0,"s:6:2:17:Infinity":0,"f:6:9:6:10":1,"s:7:19:7:45":1,"b:8:4:14:Infinity:undefined:undefined:undefined:undefined":0,"s:8:4:14:Infinity":2,"s:9:22:12:9":3,"f:9:46:9:47":2,"s:9:54:12:7":4,"s:13:6:13:Infinity":5,"s:15:4:15:Infinity":6,"s:16:4:16:Infinity":7,"f:24:16:24:29":3,"s:25:2:36:Infinity":8,"f:25:9:25:10":4,"s:26:19:26:46":9,"b:27:4:33:Infinity:undefined:undefined:undefined:undefined":1,"s:27:4:33:Infinity":10,"s:28:22:31:9":11,"f:28:46:28:47":5,"s:28:54:31:7":12,"s:32:6:32:Infinity":13,"s:34:4:34:Infinity":14,"s:35:4:35:Infinity":15}}}
,"/home/marshall/dev/gear-loaner/backend/src/services/auditService.js": {"path":"/home/marshall/dev/gear-loaner/backend/src/services/auditService.js","statementMap":{"0":{"start":{"line":7,"column":2},"end":{"line":9,"column":null}}},"fnMap":{"0":{"name":"logAction","decl":{"start":{"line":6,"column":22},"end":{"line":6,"column":31}},"loc":{"start":{"line":6,"column":79},"end":{"line":10,"column":null}},"line":6}},"branchMap":{},"s":{"0":12},"f":{"0":12},"b":{},"meta":{"lastBranch":0,"lastFunction":1,"lastStatement":1,"seen":{"f:6:22:6:31":0,"s:7:2:9:Infinity":0}}}
,"/home/marshall/dev/gear-loaner/backend/src/services/emailService.js": {"path":"/home/marshall/dev/gear-loaner/backend/src/services/emailService.js","statementMap":{"0":{"start":{"line":4,"column":18},"end":{"line":4,"column":22}},"1":{"start":{"line":7,"column":2},"end":{"line":7,"column":null}},"2":{"start":{"line":7,"column":19},"end":{"line":7,"column":null}},"3":{"start":{"line":9,"column":2},"end":{"line":12,"column":null}},"4":{"start":{"line":10,"column":4},"end":{"line":10,"column":null}},"5":{"start":{"line":11,"column":4},"end":{"line":11,"column":null}},"6":{"start":{"line":14,"column":2},"end":{"line":22,"column":null}},"7":{"start":{"line":24,"column":2},"end":{"line":24,"column":null}},"8":{"start":{"line":28,"column":2},"end":{"line":32,"column":null}},"9":{"start":{"line":36,"column":12},"end":{"line":36,"column":28}},"10":{"start":{"line":38,"column":2},"end":{"line":42,"column":null}},"11":{"start":{"line":39,"column":4},"end":{"line":39,"column":null}},"12":{"start":{"line":40,"column":4},"end":{"line":40,"column":null}},"13":{"start":{"line":41,"column":4},"end":{"line":41,"column":null}},"14":{"start":{"line":44,"column":2},"end":{"line":49,"column":null}},"15":{"start":{"line":53,"column":2},"end":{"line":63,"column":null}},"16":{"start":{"line":67,"column":2},"end":{"line":76,"column":null}},"17":{"start":{"line":80,"column":2},"end":{"line":90,"column":null}}},"fnMap":{"0":{"name":"getTransporter","decl":{"start":{"line":6,"column":9},"end":{"line":6,"column":23}},"loc":{"start":{"line":6,"column":26},"end":{"line":25,"column":null}},"line":6},"1":{"name":"escapeHtml","decl":{"start":{"line":27,"column":9},"end":{"line":27,"column":19}},"loc":{"start":{"line":27,"column":25},"end":{"line":33,"column":null}},"line":27},"2":{"name":"sendMail","decl":{"start":{"line":35,"column":15},"end":{"line":35,"column":23}},"loc":{"start":{"line":35,"column":47},"end":{"line":50,"column":null}},"line":35},"3":{"name":"sendCheckoutConfirmation","decl":{"start":{"line":52,"column":22},"end":{"line":52,"column":46}},"loc":{"start":{"line":52,"column":77},"end":{"line":64,"column":null}},"line":52},"4":{"name":"sendReturnConfirmation","decl":{"start":{"line":66,"column":22},"end":{"line":66,"column":44}},"loc":{"start":{"line":66,"column":66},"end":{"line":77,"column":null}},"line":66},"5":{"name":"sendOverdueNotification","decl":{"start":{"line":79,"column":22},"end":{"line":79,"column":45}},"loc":{"start":{"line":79,"column":76},"end":{"line":91,"column":null}},"line":79}},"branchMap":{"0":{"loc":{"start":{"line":7,"column":2},"end":{"line":7,"column":null}},"type":"if","locations":[{"start":{"line":7,"column":2},"end":{"line":7,"column":null}},{"start":{},"end":{}}],"line":7},"1":{"loc":{"start":{"line":9,"column":2},"end":{"line":12,"column":null}},"type":"if","locations":[{"start":{"line":9,"column":2},"end":{"line":12,"column":null}},{"start":{},"end":{}}],"line":9},"2":{"loc":{"start":{"line":16,"column":10},"end":{"line":16,"column":52}},"type":"binary-expr","locations":[{"start":{"line":16,"column":10},"end":{"line":16,"column":45}},{"start":{"line":16,"column":49},"end":{"line":16,"column":52}}],"line":16},"3":{"loc":{"start":{"line":38,"column":2},"end":{"line":42,"column":null}},"type":"if","locations":[{"start":{"line":38,"column":2},"end":{"line":42,"column":null}},{"start":{},"end":{}}],"line":38},"4":{"loc":{"start":{"line":45,"column":10},"end":{"line":45,"column":64}},"type":"binary-expr","locations":[{"start":{"line":45,"column":10},"end":{"line":45,"column":31}},{"start":{"line":45,"column":35},"end":{"line":45,"column":64}}],"line":45}},"s":{"0":1,"1":14,"2":12,"3":2,"4":1,"5":1,"6":1,"7":14,"8":14,"9":14,"10":14,"11":1,"12":1,"13":1,"14":13,"15":8,"16":2,"17":4},"f":{"0":14,"1":14,"2":14,"3":8,"4":2,"5":4},"b":{"0":[12,2],"1":[1,1],"2":[1,0],"3":[1,13],"4":[13,8]},"meta":{"lastBranch":5,"lastFunction":6,"lastStatement":18,"seen":{"s:4:18:4:22":0,"f:6:9:6:23":0,"b:7:2:7:Infinity:undefined:undefined:undefined:undefined":0,"s:7:2:7:Infinity":1,"s:7:19:7:Infinity":2,"b:9:2:12:Infinity:undefined:undefined:undefined:undefined":1,"s:9:2:12:Infinity":3,"s:10:4:10:Infinity":4,"s:11:4:11:Infinity":5,"s:14:2:22:Infinity":6,"b:16:10:16:45:16:49:16:52":2,"s:24:2:24:Infinity":7,"f:27:9:27:19":1,"s:28:2:32:Infinity":8,"f:35:15:35:23":2,"s:36:12:36:28":9,"b:38:2:42:Infinity:undefined:undefined:undefined:undefined":3,"s:38:2:42:Infinity":10,"s:39:4:39:Infinity":11,"s:40:4:40:Infinity":12,"s:41:4:41:Infinity":13,"s:44:2:49:Infinity":14,"b:45:10:45:31:45:35:45:64":4,"f:52:22:52:46":3,"s:53:2:63:Infinity":15,"f:66:22:66:44":4,"s:67:2:76:Infinity":16,"f:79:22:79:45":5,"s:80:2:90:Infinity":17}}}
,"/home/marshall/dev/gear-loaner/backend/src/services/loanService.js": {"path":"/home/marshall/dev/gear-loaner/backend/src/services/loanService.js","statementMap":{"0":{"start":{"line":3,"column":22},"end":{"line":3,"column":24}},"1":{"start":{"line":9,"column":16},"end":{"line":15,"column":4}},"2":{"start":{"line":16,"column":2},"end":{"line":16,"column":null}},"3":{"start":{"line":24,"column":15},"end":{"line":24,"column":86}},"4":{"start":{"line":25,"column":18},"end":{"line":25,"column":28}},"5":{"start":{"line":26,"column":2},"end":{"line":26,"column":null}},"6":{"start":{"line":27,"column":2},"end":{"line":27,"column":null}},"7":{"start":{"line":34,"column":2},"end":{"line":43,"column":null}}},"fnMap":{"0":{"name":"hasOverdueLoans","decl":{"start":{"line":8,"column":22},"end":{"line":8,"column":37}},"loc":{"start":{"line":8,"column":46},"end":{"line":17,"column":null}},"line":8},"1":{"name":"calculateDueDate","decl":{"start":{"line":23,"column":16},"end":{"line":23,"column":32}},"loc":{"start":{"line":23,"column":61},"end":{"line":28,"column":null}},"line":23},"2":{"name":"getOverdueLoans","decl":{"start":{"line":33,"column":22},"end":{"line":33,"column":37}},"loc":{"start":{"line":33,"column":40},"end":{"line":44,"column":null}},"line":33}},"branchMap":{"0":{"loc":{"start":{"line":24,"column":36},"end":{"line":24,"column":69}},"type":"binary-expr","locations":[{"start":{"line":24,"column":36},"end":{"line":24,"column":49}},{"start":{"line":24,"column":53},"end":{"line":24,"column":64}},{"start":{"line":24,"column":68},"end":{"line":24,"column":69}}],"line":24}},"s":{"0":2,"1":10,"2":9,"3":7,"4":7,"5":7,"6":7,"7":14},"f":{"0":10,"1":7,"2":14},"b":{"0":[7,3,2]},"meta":{"lastBranch":1,"lastFunction":3,"lastStatement":8,"seen":{"s:3:22:3:24":0,"f:8:22:8:37":0,"s:9:16:15:4":1,"s:16:2:16:Infinity":2,"f:23:16:23:32":1,"s:24:15:24:86":3,"b:24:36:24:49:24:53:24:64:24:68:24:69":0,"s:25:18:25:28":4,"s:26:2:26:Infinity":5,"s:27:2:27:Infinity":6,"f:33:22:33:37":2,"s:34:2:43:Infinity":7}}}
,"/home/marshall/dev/gear-loaner/backend/src/services/normalize.js": {"path":"/home/marshall/dev/gear-loaner/backend/src/services/normalize.js","statementMap":{"0":{"start":{"line":6,"column":2},"end":{"line":6,"column":null}},"1":{"start":{"line":14,"column":2},"end":{"line":16,"column":null}},"2":{"start":{"line":15,"column":4},"end":{"line":15,"column":null}},"3":{"start":{"line":17,"column":2},"end":{"line":17,"column":null}}},"fnMap":{"0":{"name":"categoryName","decl":{"start":{"line":5,"column":16},"end":{"line":5,"column":28}},"loc":{"start":{"line":5,"column":56},"end":{"line":7,"column":null}},"line":5},"1":{"name":"normalizeGearCategory","decl":{"start":{"line":13,"column":16},"end":{"line":13,"column":37}},"loc":{"start":{"line":13,"column":43},"end":{"line":18,"column":null}},"line":13}},"branchMap":{"0":{"loc":{"start":{"line":5,"column":39},"end":{"line":5,"column":54}},"type":"default-arg","locations":[{"start":{"line":5,"column":50},"end":{"line":5,"column":54}}],"line":5},"1":{"loc":{"start":{"line":6,"column":9},"end":{"line":6,"column":35}},"type":"binary-expr","locations":[{"start":{"line":6,"column":9},"end":{"line":6,"column":23}},{"start":{"line":6,"column":27},"end":{"line":6,"column":35}}],"line":6},"2":{"loc":{"start":{"line":14,"column":2},"end":{"line":16,"column":null}},"type":"if","locations":[{"start":{"line":14,"column":2},"end":{"line":16,"column":null}},{"start":{},"end":{}}],"line":14},"3":{"loc":{"start":{"line":14,"column":6},"end":{"line":14,"column":57}},"type":"binary-expr","locations":[{"start":{"line":14,"column":6},"end":{"line":14,"column":9}},{"start":{"line":14,"column":13},"end":{"line":14,"column":36}},{"start":{"line":14,"column":40},"end":{"line":14,"column":57}}],"line":14}},"s":{"0":9,"1":4,"2":3,"3":4},"f":{"0":9,"1":4},"b":{"0":[9],"1":[9,5],"2":[3,1],"3":[4,4,4]},"meta":{"lastBranch":4,"lastFunction":2,"lastStatement":4,"seen":{"f:5:16:5:28":0,"b:5:50:5:54":0,"s:6:2:6:Infinity":0,"b:6:9:6:23:6:27:6:35":1,"f:13:16:13:37":1,"b:14:2:16:Infinity:undefined:undefined:undefined:undefined":2,"s:14:2:16:Infinity":1,"b:14:6:14:9:14:13:14:36:14:40:14:57":3,"s:15:4:15:Infinity":2,"s:17:2:17:Infinity":3}}}
,"/home/marshall/dev/gear-loaner/backend/src/services/qrCodeService.js": {"path":"/home/marshall/dev/gear-loaner/backend/src/services/qrCodeService.js","statementMap":{"0":{"start":{"line":4,"column":16},"end":{"line":4,"column":68}},"1":{"start":{"line":5,"column":20},"end":{"line":5,"column":30}},"2":{"start":{"line":16,"column":17},"end":{"line":16,"column":34}},"3":{"start":{"line":17,"column":20},"end":{"line":17,"column":47}},"4":{"start":{"line":19,"column":19},"end":{"line":24,"column":4}},"5":{"start":{"line":26,"column":19},"end":{"line":26,"column":34}},"6":{"start":{"line":28,"column":33},"end":{"line":33,"column":6}},"7":{"start":{"line":35,"column":2},"end":{"line":37,"column":null}},"8":{"start":{"line":36,"column":4},"end":{"line":36,"column":null}},"9":{"start":{"line":39,"column":19},"end":{"line":39,"column":81}},"10":{"start":{"line":41,"column":2},"end":{"line":41,"column":null}},"11":{"start":{"line":51,"column":17},"end":{"line":51,"column":34}},"12":{"start":{"line":52,"column":20},"end":{"line":52,"column":47}},"13":{"start":{"line":53,"column":2},"end":{"line":56,"column":null}}},"fnMap":{"0":{"name":"generateAndStoreQRCode","decl":{"start":{"line":15,"column":22},"end":{"line":15,"column":44}},"loc":{"start":{"line":15,"column":62},"end":{"line":42,"column":null}},"line":15},"1":{"name":"generateQRCodeDataUrl","decl":{"start":{"line":50,"column":22},"end":{"line":50,"column":43}},"loc":{"start":{"line":50,"column":61},"end":{"line":57,"column":null}},"line":50}},"branchMap":{"0":{"loc":{"start":{"line":4,"column":16},"end":{"line":4,"column":68}},"type":"binary-expr","locations":[{"start":{"line":4,"column":16},"end":{"line":4,"column":35}},{"start":{"line":4,"column":39},"end":{"line":4,"column":68}}],"line":4},"1":{"loc":{"start":{"line":16,"column":17},"end":{"line":16,"column":34}},"type":"binary-expr","locations":[{"start":{"line":16,"column":17},"end":{"line":16,"column":24}},{"start":{"line":16,"column":28},"end":{"line":16,"column":34}}],"line":16},"2":{"loc":{"start":{"line":35,"column":2},"end":{"line":37,"column":null}},"type":"if","locations":[{"start":{"line":35,"column":2},"end":{"line":37,"column":null}},{"start":{},"end":{}}],"line":35},"3":{"loc":{"start":{"line":51,"column":17},"end":{"line":51,"column":34}},"type":"binary-expr","locations":[{"start":{"line":51,"column":17},"end":{"line":51,"column":24}},{"start":{"line":51,"column":28},"end":{"line":51,"column":34}}],"line":51}},"s":{"0":1,"1":1,"2":7,"3":7,"4":7,"5":7,"6":7,"7":7,"8":1,"9":6,"10":6,"11":5,"12":5,"13":5},"f":{"0":7,"1":5},"b":{"0":[1,1],"1":[7,1],"2":[1,6],"3":[5,1]},"meta":{"lastBranch":4,"lastFunction":2,"lastStatement":14,"seen":{"s:4:16:4:68":0,"b:4:16:4:35:4:39:4:68":0,"s:5:20:5:30":1,"f:15:22:15:44":0,"s:16:17:16:34":2,"b:16:17:16:24:16:28:16:34":1,"s:17:20:17:47":3,"s:19:19:24:4":4,"s:26:19:26:34":5,"s:28:33:33:6":6,"b:35:2:37:Infinity:undefined:undefined:undefined:undefined":2,"s:35:2:37:Infinity":7,"s:36:4:36:Infinity":8,"s:39:19:39:81":9,"s:41:2:41:Infinity":10,"f:50:22:50:43":1,"s:51:17:51:34":11,"b:51:17:51:24:51:28:51:34":3,"s:52:20:52:47":12,"s:53:2:56:Infinity":13}}}
,"/home/marshall/dev/gear-loaner/backend/src/services/reportedLostService.js": {"path":"/home/marshall/dev/gear-loaner/backend/src/services/reportedLostService.js","statementMap":{"0":{"start":{"line":11,"column":15},"end":{"line":19,"column":3}},"1":{"start":{"line":21,"column":2},"end":{"line":21,"column":null}},"2":{"start":{"line":21,"column":33},"end":{"line":21,"column":45}}},"fnMap":{"0":{"name":"getActiveReportedLostGearIds","decl":{"start":{"line":10,"column":22},"end":{"line":10,"column":50}},"loc":{"start":{"line":10,"column":53},"end":{"line":22,"column":null}},"line":10},"1":{"name":"(anonymous_1)","decl":{"start":{"line":21,"column":26},"end":{"line":21,"column":27}},"loc":{"start":{"line":21,"column":33},"end":{"line":21,"column":45}},"line":21}},"branchMap":{},"s":{"0":13,"1":12,"2":1014},"f":{"0":13,"1":1014},"b":{},"meta":{"lastBranch":0,"lastFunction":2,"lastStatement":3,"seen":{"f:10:22:10:50":0,"s:11:15:19:3":0,"s:21:2:21:Infinity":1,"f:21:26:21:27":1,"s:21:33:21:45":2}}}
,"/home/marshall/dev/gear-loaner/backend/src/services/shortIdService.js": {"path":"/home/marshall/dev/gear-loaner/backend/src/services/shortIdService.js","statementMap":{"0":{"start":{"line":3,"column":16},"end":{"line":3,"column":44}},"1":{"start":{"line":10,"column":2},"end":{"line":10,"column":null}},"2":{"start":{"line":10,"column":12},"end":{"line":10,"column":null}},"3":{"start":{"line":11,"column":18},"end":{"line":11,"column":61}},"4":{"start":{"line":12,"column":2},"end":{"line":12,"column":null}},"5":{"start":{"line":19,"column":2},"end":{"line":19,"column":null}},"6":{"start":{"line":19,"column":41},"end":{"line":19,"column":80}},"7":{"start":{"line":26,"column":2},"end":{"line":26,"column":null}},"8":{"start":{"line":36,"column":15},"end":{"line":36,"column":24}},"9":{"start":{"line":37,"column":22},"end":{"line":37,"column":42}},"10":{"start":{"line":38,"column":2},"end":{"line":43,"column":null}},"11":{"start":{"line":39,"column":18},"end":{"line":39,"column":50}},"12":{"start":{"line":40,"column":4},"end":{"line":42,"column":null}},"13":{"start":{"line":41,"column":6},"end":{"line":41,"column":null}},"14":{"start":{"line":44,"column":2},"end":{"line":47,"column":null}},"15":{"start":{"line":44,"column":15},"end":{"line":44,"column":16}},"16":{"start":{"line":45,"column":16},"end":{"line":45,"column":42}},"17":{"start":{"line":46,"column":4},"end":{"line":46,"column":null}},"18":{"start":{"line":46,"column":24},"end":{"line":46,"column":null}},"19":{"start":{"line":48,"column":2},"end":{"line":48,"column":null}},"20":{"start":{"line":71,"column":4},"end":{"line":78,"column":22}},"21":{"start":{"line":77,"column":18},"end":{"line":77,"column":27}},"22":{"start":{"line":80,"column":22},"end":{"line":80,"column":37}},"23":{"start":{"line":83,"column":19},"end":{"line":83,"column":21}},"24":{"start":{"line":85,"column":20},"end":{"line":85,"column":62}},"25":{"start":{"line":86,"column":2},"end":{"line":86,"column":null}},"26":{"start":{"line":86,"column":17},"end":{"line":86,"column":null}},"27":{"start":{"line":88,"column":21},"end":{"line":88,"column":55}},"28":{"start":{"line":89,"column":2},"end":{"line":89,"column":null}},"29":{"start":{"line":89,"column":46},"end":{"line":89,"column":null}},"30":{"start":{"line":92,"column":2},"end":{"line":98,"column":null}},"31":{"start":{"line":93,"column":16},"end":{"line":93,"column":53}},"32":{"start":{"line":94,"column":4},"end":{"line":97,"column":null}},"33":{"start":{"line":95,"column":24},"end":{"line":95,"column":42}},"34":{"start":{"line":96,"column":6},"end":{"line":96,"column":null}},"35":{"start":{"line":96,"column":39},"end":{"line":96,"column":null}},"36":{"start":{"line":101,"column":2},"end":{"line":104,"column":null}},"37":{"start":{"line":101,"column":21},"end":{"line":101,"column":22}},"38":{"start":{"line":102,"column":22},"end":{"line":102,"column":60}},"39":{"start":{"line":103,"column":4},"end":{"line":103,"column":null}},"40":{"start":{"line":103,"column":37},"end":{"line":103,"column":null}},"41":{"start":{"line":106,"column":2},"end":{"line":106,"column":null}}},"fnMap":{"0":{"name":"alphaPrefix","decl":{"start":{"line":9,"column":9},"end":{"line":9,"column":20}},"loc":{"start":{"line":9,"column":29},"end":{"line":13,"column":null}},"line":9},"1":{"name":"randomLetters","decl":{"start":{"line":18,"column":9},"end":{"line":18,"column":22}},"loc":{"start":{"line":18,"column":25},"end":{"line":20,"column":null}},"line":18},"2":{"name":"(anonymous_2)","decl":{"start":{"line":19,"column":35},"end":{"line":19,"column":36}},"loc":{"start":{"line":19,"column":41},"end":{"line":19,"column":80}},"line":19},"3":{"name":"randomNumber","decl":{"start":{"line":25,"column":9},"end":{"line":25,"column":21}},"loc":{"start":{"line":25,"column":24},"end":{"line":27,"column":null}},"line":25},"4":{"name":"lowestAvailableNumber","decl":{"start":{"line":35,"column":9},"end":{"line":35,"column":30}},"loc":{"start":{"line":35,"column":52},"end":{"line":49,"column":null}},"line":35},"5":{"name":"generateShortId","decl":{"start":{"line":68,"column":22},"end":{"line":68,"column":37}},"loc":{"start":{"line":68,"column":74},"end":{"line":107,"column":null}},"line":68},"6":{"name":"(anonymous_6)","decl":{"start":{"line":77,"column":11},"end":{"line":77,"column":12}},"loc":{"start":{"line":77,"column":18},"end":{"line":77,"column":27}},"line":77}},"branchMap":{"0":{"loc":{"start":{"line":10,"column":2},"end":{"line":10,"column":null}},"type":"if","locations":[{"start":{"line":10,"column":2},"end":{"line":10,"column":null}},{"start":{},"end":{}}],"line":10},"1":{"loc":{"start":{"line":12,"column":9},"end":{"line":12,"column":75}},"type":"cond-expr","locations":[{"start":{"line":12,"column":31},"end":{"line":12,"column":50}},{"start":{"line":12,"column":53},"end":{"line":12,"column":75}}],"line":12},"2":{"loc":{"start":{"line":40,"column":4},"end":{"line":42,"column":null}},"type":"if","locations":[{"start":{"line":40,"column":4},"end":{"line":42,"column":null}},{"start":{},"end":{}}],"line":40},"3":{"loc":{"start":{"line":40,"column":8},"end":{"line":40,"column":41}},"type":"binary-expr","locations":[{"start":{"line":40,"column":8},"end":{"line":40,"column":13}},{"start":{"line":40,"column":17},"end":{"line":40,"column":41}}],"line":40},"4":{"loc":{"start":{"line":46,"column":4},"end":{"line":46,"column":null}},"type":"if","locations":[{"start":{"line":46,"column":4},"end":{"line":46,"column":null}},{"start":{},"end":{}}],"line":46},"5":{"loc":{"start":{"line":68,"column":54},"end":{"line":68,"column":72}},"type":"default-arg","locations":[{"start":{"line":68,"column":68},"end":{"line":68,"column":72}}],"line":68},"6":{"loc":{"start":{"line":71,"column":4},"end":{"line":78,"column":22}},"type":"binary-expr","locations":[{"start":{"line":71,"column":4},"end":{"line":71,"column":15}},{"start":{"line":72,"column":4},"end":{"line":78,"column":22}}],"line":71},"7":{"loc":{"start":{"line":85,"column":20},"end":{"line":85,"column":62}},"type":"cond-expr","locations":[{"start":{"line":85,"column":31},"end":{"line":85,"column":55}},{"start":{"line":85,"column":58},"end":{"line":85,"column":62}}],"line":85},"8":{"loc":{"start":{"line":86,"column":2},"end":{"line":86,"column":null}},"type":"if","locations":[{"start":{"line":86,"column":2},"end":{"line":86,"column":null}},{"start":{},"end":{}}],"line":86},"9":{"loc":{"start":{"line":88,"column":21},"end":{"line":88,"column":55}},"type":"cond-expr","locations":[{"start":{"line":88,"column":28},"end":{"line":88,"column":48}},{"start":{"line":88,"column":51},"end":{"line":88,"column":55}}],"line":88},"10":{"loc":{"start":{"line":89,"column":2},"end":{"line":89,"column":null}},"type":"if","locations":[{"start":{"line":89,"column":2},"end":{"line":89,"column":null}},{"start":{},"end":{}}],"line":89},"11":{"loc":{"start":{"line":89,"column":6},"end":{"line":89,"column":44}},"type":"binary-expr","locations":[{"start":{"line":89,"column":6},"end":{"line":89,"column":16}},{"start":{"line":89,"column":20},"end":{"line":89,"column":44}}],"line":89},"12":{"loc":{"start":{"line":94,"column":4},"end":{"line":97,"column":null}},"type":"if","locations":[{"start":{"line":94,"column":4},"end":{"line":97,"column":null}},{"start":{},"end":{}}],"line":94},"13":{"loc":{"start":{"line":96,"column":6},"end":{"line":96,"column":null}},"type":"if","locations":[{"start":{"line":96,"column":6},"end":{"line":96,"column":null}},{"start":{},"end":{}}],"line":96},"14":{"loc":{"start":{"line":103,"column":4},"end":{"line":103,"column":null}},"type":"if","locations":[{"start":{"line":103,"column":4},"end":{"line":103,"column":null}},{"start":{},"end":{}}],"line":103}},"s":{"0":1,"1":23,"2":0,"3":23,"4":23,"5":2,"6":6,"7":2,"8":17,"9":17,"10":17,"11":4504,"12":4504,"13":2005,"14":17,"15":17,"16":2019,"17":2019,"18":15,"19":2,"20":17,"21":2004,"22":17,"23":17,"24":17,"25":17,"26":7,"27":17,"28":17,"29":14,"30":17,"31":17,"32":17,"33":15,"34":15,"35":15,"36":2,"37":2,"38":2,"39":2,"40":2,"41":0},"f":{"0":23,"1":2,"2":6,"3":2,"4":17,"5":17,"6":2004},"b":{"0":[0,23],"1":[20,3],"2":[2005,2499],"3":[4504,4504],"4":[15,2004],"5":[17],"6":[17,15],"7":[7,10],"8":[7,10],"9":[16,1],"10":[14,3],"11":[17,16],"12":[15,2],"13":[15,0],"14":[2,0]},"meta":{"lastBranch":15,"lastFunction":7,"lastStatement":42,"seen":{"s:3:16:3:44":0,"f:9:9:9:20":0,"b:10:2:10:Infinity:undefined:undefined:undefined:undefined":0,"s:10:2:10:Infinity":1,"s:10:12:10:Infinity":2,"s:11:18:11:61":3,"s:12:2:12:Infinity":4,"b:12:31:12:50:12:53:12:75":1,"f:18:9:18:22":1,"s:19:2:19:Infinity":5,"f:19:35:19:36":2,"s:19:41:19:80":6,"f:25:9:25:21":3,"s:26:2:26:Infinity":7,"f:35:9:35:30":4,"s:36:15:36:24":8,"s:37:22:37:42":9,"s:38:2:43:Infinity":10,"s:39:18:39:50":11,"b:40:4:42:Infinity:undefined:undefined:undefined:undefined":2,"s:40:4:42:Infinity":12,"b:40:8:40:13:40:17:40:41":3,"s:41:6:41:Infinity":13,"s:44:2:47:Infinity":14,"s:44:15:44:16":15,"s:45:16:45:42":16,"b:46:4:46:Infinity:undefined:undefined:undefined:undefined":4,"s:46:4:46:Infinity":17,"s:46:24:46:Infinity":18,"s:48:2:48:Infinity":19,"f:68:22:68:37":5,"b:68:68:68:72":5,"s:71:4:78:22":20,"b:71:4:71:15:72:4:78:22":6,"f:77:11:77:12":6,"s:77:18:77:27":21,"s:80:22:80:37":22,"s:83:19:83:21":23,"s:85:20:85:62":24,"b:85:31:85:55:85:58:85:62":7,"b:86:2:86:Infinity:undefined:undefined:undefined:undefined":8,"s:86:2:86:Infinity":25,"s:86:17:86:Infinity":26,"s:88:21:88:55":27,"b:88:28:88:48:88:51:88:55":9,"b:89:2:89:Infinity:undefined:undefined:undefined:undefined":10,"s:89:2:89:Infinity":28,"b:89:6:89:16:89:20:89:44":11,"s:89:46:89:Infinity":29,"s:92:2:98:Infinity":30,"s:93:16:93:53":31,"b:94:4:97:Infinity:undefined:undefined:undefined:undefined":12,"s:94:4:97:Infinity":32,"s:95:24:95:42":33,"b:96:6:96:Infinity:undefined:undefined:undefined:undefined":13,"s:96:6:96:Infinity":34,"s:96:39:96:Infinity":35,"s:101:2:104:Infinity":36,"s:101:21:101:22":37,"s:102:22:102:60":38,"b:103:4:103:Infinity:undefined:undefined:undefined:undefined":14,"s:103:4:103:Infinity":39,"s:103:37:103:Infinity":40,"s:106:2:106:Infinity":41}}}
,"/home/marshall/dev/gear-loaner/backend/src/utils/pagination.js": {"path":"/home/marshall/dev/gear-loaner/backend/src/utils/pagination.js","statementMap":{"0":{"start":{"line":1,"column":22},"end":{"line":1,"column":25}},"1":{"start":{"line":2,"column":26},"end":{"line":2,"column":28}},"2":{"start":{"line":6,"column":15},"end":{"line":6,"column":57}},"3":{"start":{"line":7,"column":19},"end":{"line":10,"column":3}},"4":{"start":{"line":11,"column":2},"end":{"line":11,"column":null}}},"fnMap":{"0":{"name":"parsePagination","decl":{"start":{"line":5,"column":16},"end":{"line":5,"column":31}},"loc":{"start":{"line":5,"column":39},"end":{"line":12,"column":null}},"line":5}},"branchMap":{"0":{"loc":{"start":{"line":6,"column":24},"end":{"line":6,"column":53}},"type":"binary-expr","locations":[{"start":{"line":6,"column":24},"end":{"line":6,"column":48}},{"start":{"line":6,"column":52},"end":{"line":6,"column":53}}],"line":6},"1":{"loc":{"start":{"line":8,"column":13},"end":{"line":8,"column":62}},"type":"binary-expr","locations":[{"start":{"line":8,"column":13},"end":{"line":8,"column":41}},{"start":{"line":8,"column":45},"end":{"line":8,"column":62}}],"line":8}},"s":{"0":1,"1":1,"2":17,"3":17,"4":17},"f":{"0":17},"b":{"0":[17,12],"1":[17,9]},"meta":{"lastBranch":2,"lastFunction":1,"lastStatement":5,"seen":{"s:1:22:1:25":0,"s:2:26:2:28":1,"f:5:16:5:31":0,"s:6:15:6:57":2,"b:6:24:6:48:6:52:6:53":0,"s:7:19:10:3":3,"b:8:13:8:41:8:45:8:62":1,"s:11:2:11:Infinity":4}}}
}
